TextAlongLine: Turf Hill Road
 
fullData
txtFormat: 3
labelText: Turf Hill Road
formatParams: Arial,0x666666,34,false,true,true
g: [object Graphics]
labelFieldName: NAME,NUMBER
records: 390902,411492.9999997673,390951.00000000006,411523.99999976787,391010,411571.999999767,391052,411608.9999997665,391092.99999999994,411656.99999976583
dataType: 3
zoomAmt: 1
objType: MULTILINESTRING
fillCol: 0xfcef55
record: [object Object]
s: [object Sprite]
dotType: minor_road
shapeType: 0x8c8c8b,0xfcef55,3,minor_road,3
lineCol: 0x8c8c8b
wicket: [object Object]
 
wicket
records: 390902,411492.9999997673,390951.00000000006,411523.99999976787,391010,411571.999999767,391052,411608.9999997665,391092.99999999994,411656.99999976583
record: [object Object]
objType: MULTILINESTRING
recordType: 25750
zm: 1
 
wicket.record
ID: 92
NAME: Turf Hill Road
AsWKT(ogc_geom): MULTILINESTRING((390902 411492.9999997673,390951.00000000006 411523.99999976787,391010 411571.999999767,391052 411608.9999997665,391092.99999999994 411656.99999976583))
NUMBER: null
FEATCODE: 25750
 
 
label Turf Hill Road
charwidths 21.75,21.75,14.2,12.3,10.45,25.55,10.45,10.45,10.45,10.45,25.55,21.75,19.9,21.75
line [0] 390902,411492.9999997673
line [1] 390951.00000000006,411523.99999976787
lineto 390951.00000000006:411523.99999976787
x y hypotenuse angle 49.00000000005821 31.000000000582077 57.98275605765729 32.319616508635505
line [2] 391010,411571.999999767
lineto 391010:411571.999999767
x y hypotenuse angle 58.99999999994179 47.999999999126885 76.05918747862951 39.13039955650276
line [3] 391052,411608.9999997665
lineto 391052:411608.9999997665
x y hypotenuse angle 42 36.99999999953434 55.9732078763183 41.37851529552499
line [4] 391092.99999999994,411656.99999976583
lineto 391092.99999999994:411656.99999976583
x y hypotenuse angle 40.99999999994179 47.99999999930151 63.1268564077776 49.497151614296186
linedata 49.00000000005821,31.000000000582077,32.319616508635505,57.98275605765729,58.99999999994179,47.999999999126885,39.13039955650276,76.05918747862951,42,36.99999999953434,41.37851529552499,55.9732078763183,40.99999999994179,47.99999999930151,49.497151614296186,63.1268564077776
linedata 0 49.00000000005821,31.000000000582077,32.319616508635505,57.98275605765729
0 tot 21.75 linelength 57.98275605765729
1 tot 43.5 linelength 57.98275605765729
2 tot 57.7 linelength 57.98275605765729
3 tot 70 linelength 57.98275605765729
4 tot 80.45 linelength 57.98275605765729
5 tot 106 linelength 57.98275605765729
6 tot 116.45 linelength 57.98275605765729
7 tot 126.9 linelength 57.98275605765729
8 tot 137.35 linelength 57.98275605765729
9 tot 147.79999999999998 linelength 57.98275605765729
10 tot 173.35 linelength 57.98275605765729
11 tot 195.1 linelength 57.98275605765729
12 tot 215 linelength 57.98275605765729
13 tot 236.75 linelength 57.98275605765729
loops 4
ml 0
offset_x 12.118545485853382
offset_y 19.15512028375391
lineCoords [0] 390902,411492.9999997673
initial x y
390889.88145451416:411512.15512005106:32.319616508635505
charwidth 21.75 comp 57.98275605765729
position_x undefined
position_y undefined
x_increase 18.38046468404327
y_increase 11.628457249293133
position_x 390920.38046468404
position_y 411504.6284570166
travelled 21.75 linelength 57.98275605765729
x y
390908.2619191982 411504.628457016619.15512028375391 32.319616508635505
ml 1
charwidth 21.75 comp 57.98275605765729
position_x 390920.38046468404
position_y 411504.6284570166
x_increase 18.38046468404327
y_increase 11.628457249293133
position_x 390938.7609293681
position_y 411516.2569142659
travelled 43.5 linelength 57.98275605765729
x y
390926.64238388225 411516.256914265919.15512028375391 32.319616508635505
ml 2
charwidth 14.2 comp 57.98275605765729
position_x 390938.7609293681
position_y 411516.2569142659
x_increase 12.000119471881124
y_increase 7.591912319078735
position_x 390950.76104883995
position_y 411523.848826585
travelled 57.7 linelength 57.98275605765729
x y
390938.6425033541 411523.84882658519.15512028375391 32.319616508635505
ml 3
charwidth 12.3 comp 57.98275605765729
position_x 390950.76104883995
position_y 411523.848826585
x_increase 10.394469683389989
y_increase 6.5760930651174965
position_x 390961.15551852336
position_y 411530.42491965013
remainder c set 0.28275605765728784:0:57.98275605765729
linedata 1 58.99999999994179,47.999999999126885,39.13039955650276,76.05918747862951
3 tot 12.3 linelength 76.05918747862951
4 tot 22.75 linelength 76.05918747862951
5 tot 48.3 linelength 76.05918747862951
6 tot 58.75 linelength 76.05918747862951
7 tot 69.2 linelength 76.05918747862951
8 tot 79.65 linelength 76.05918747862951
9 tot 90.10000000000001 linelength 76.05918747862951
10 tot 115.65 linelength 76.05918747862951
11 tot 137.4 linelength 76.05918747862951
12 tot 157.3 linelength 76.05918747862951
13 tot 179.05 linelength 76.05918747862951
loops 6
ml 3
remainder 0.28275605765728784
charwidth 12.017243942342713 comp 76.05918747862951
position_x 390961.15551852336
position_y 411530.42491965013
x_increase 9.321916471915172
y_increase 7.583932044817467
position_x 390960.321916472
position_y 411531.58393181267
travelled 12.017243942342713 linelength 76.05918747862951
x y
390948.20337098616 411531.5839318126719.15512028375391 39.13039955650276
ml 4
charwidth 10.45 comp 76.05918747862951
position_x 390960.321916472
position_y 411531.58393181267
x_increase 8.106187042461174
y_increase 6.59486403443123
position_x 390968.4281035145
position_y 411538.1787958471
travelled 22.467243942342712 linelength 76.05918747862951
x y
390956.30955802865 411538.178795847119.15512028375391 39.13039955650276
ml 5
charwidth 25.55 comp 76.05918747862951
position_x 390968.4281035145
position_y 411538.1787958471
x_increase 19.819433390897895
y_increase 16.124284792317507
position_x 390988.2475369054
position_y 411554.30308063945
travelled 48.017243942342716 linelength 76.05918747862951
x y
390976.12899141957 411554.3030806394519.15512028375391 39.13039955650276
ml 6
charwidth 10.45 comp 76.05918747862951
position_x 390988.2475369054
position_y 411554.30308063945
x_increase 8.106187042461174
y_increase 6.59486403443123
position_x 390996.3537239479
position_y 411560.8979446739
travelled 58.46724394234272 linelength 76.05918747862951
x y
390984.23517846206 411560.897944673919.15512028375391 39.13039955650276
ml 7
charwidth 10.45 comp 76.05918747862951
position_x 390996.3537239479
position_y 411560.8979446739
x_increase 8.106187042461174
y_increase 6.59486403443123
position_x 391004.4599109904
position_y 411567.49280870834
travelled 68.91724394234272 linelength 76.05918747862951
x y
390992.34136550454 411567.4928087083419.15512028375391 39.13039955650276
ml 8
charwidth 10.45 comp 76.05918747862951
position_x 391004.4599109904
position_y 411567.49280870834
x_increase 8.106187042461174
y_increase 6.59486403443123
position_x 391012.56609803287
position_y 411574.0876727428
remainder c set 7.141943536286789:1:76.05918747862951
linedata 2 42,36.99999999953434,41.37851529552499,55.9732078763183
8 tot 10.45 linelength 55.9732078763183
9 tot 20.9 linelength 55.9732078763183
10 tot 46.45 linelength 55.9732078763183
11 tot 68.2 linelength 55.9732078763183
12 tot 88.1 linelength 55.9732078763183
13 tot 109.85 linelength 55.9732078763183
loops 4
ml 8
remainder 7.141943536286789
charwidth 3.3080564637132106 comp 55.9732078763183
position_x 391012.56609803287
position_y 411574.0876727428
x_increase 2.4822299229831755
y_increase 2.186726360695753
position_x 391012.48222992296
position_y 411574.1867261277
travelled 3.3080564637132106 linelength 55.9732078763183
x y
391000.3636844371 411574.186726127719.15512028375391 41.37851529552499
ml 9
charwidth 10.45 comp 55.9732078763183
position_x 391012.48222992296
position_y 411574.1867261277
x_increase 7.8412514960696775
y_increase 6.907769175022065
position_x 391020.323481419
position_y 411581.0944953027
travelled 13.75805646371321 linelength 55.9732078763183
x y
391008.2049359332 411581.094495302719.15512028375391 41.37851529552499
ml 10
charwidth 25.55 comp 55.9732078763183
position_x 391020.323481419
position_y 411581.0944953027
x_increase 19.171672318141653
y_increase 16.889330375293184
position_x 391039.49515373714
position_y 411597.983825678
travelled 39.308056463713214 linelength 55.9732078763183
x y
391027.3766082513 411597.98382567819.15512028375391 41.37851529552499
ml 11
charwidth 21.75 comp 55.9732078763183
position_x 391039.49515373714
position_y 411597.983825678
x_increase 16.32030813775268
y_increase 14.377414311648797
position_x 391055.8154618749
position_y 411612.36123998964
remainder c set 16.665151412605084:2:55.9732078763183
linedata 3 40.99999999994179,47.99999999930151,49.497151614296186,63.1268564077776
11 tot 21.75 linelength 63.1268564077776
12 tot 41.65 linelength 63.1268564077776
13 tot 63.4 linelength 63.1268564077776
loops 3
ml 11
remainder 16.665151412605084
charwidth 5.084848587394916 comp 63.1268564077776
position_x 391055.8154618749
position_y 411612.36123998964
x_increase 3.3025372075586166
y_increase 3.8663850234324837
position_x 391055.30253720755
position_y 411612.86638479
travelled 5.084848587394916 linelength 63.1268564077776
x y
391043.1839917217 411612.8663847919.15512028375391 49.497151614296186
ml 12
charwidth 19.9 comp 63.1268564077776
position_x 391055.30253720755
position_y 411612.86638479
x_increase 12.924768417556082
y_increase 15.131436195964506
position_x 391068.2273056251
position_y 411627.99782098597
travelled 24.984848587394914 linelength 63.1268564077776
x y
391056.10876013926 411627.9978209859719.15512028375391 49.497151614296186
ml 13
charwidth 21.75 comp 63.1268564077776
position_x 391068.2273056251
position_y 411627.99782098597
x_increase 14.126317240293709
y_increase 16.538127500614475
position_x 391082.3536228654
position_y 411644.5359484866
travelled 46.734848587394914 linelength 63.1268564077776
x y
391070.23507737956 411644.535948486619.15512028375391 49.497151614296186
remainder b set 16.392007820382688:3:63.1268564077776
15 letterpositions
14 letters
390889.88145451416,411512.15512005106,32.319616508635505,390908.2619191982,411523.7835773004,32.319616508635505,390926.64238388225,411535.4120345497,32.319616508635505,390938.6425033541,411543.00394686876,32.319616508635505,390948.20337098616,411550.73905209644,39.13039955650276,390956.30955802865,411557.3339161309,39.13039955650276,390976.12899141957,411573.4582009232,39.13039955650276,390984.23517846206,411580.05306495767,39.13039955650276,390992.34136550454,411586.6479289921,39.13039955650276,391000.3636844371,411593.34184641147,41.37851529552499,391008.2049359332,411600.2496155865,41.37851529552499,391027.3766082513,411617.1389459618,41.37851529552499,391043.1839917217,411632.02150507376,49.497151614296186,391056.10876013926,411647.15294126974,49.497151614296186,391070.23507737956,411663.69106877036,49.497151614296186
write TRUE
letterposition [0] 390889.88145451416,411512.15512005106,32.319616508635505
ca T 390889.88145451416:411512.15512005106
letterposition [1] 390908.2619191982,411523.7835773004,32.319616508635505
ca u 390908.2619191982:411523.7835773004
letterposition [2] 390926.64238388225,411535.4120345497,32.319616508635505
ca r 390926.64238388225:411535.4120345497
letterposition [3] 390938.6425033541,411543.00394686876,32.319616508635505
ca f 390938.6425033541:411543.00394686876
letterposition [4] 390948.20337098616,411550.73905209644,39.13039955650276
ca   390948.20337098616:411550.73905209644
letterposition [5] 390956.30955802865,411557.3339161309,39.13039955650276
ca H 390956.30955802865:411557.3339161309
letterposition [6] 390976.12899141957,411573.4582009232,39.13039955650276
ca i 390976.12899141957:411573.4582009232
letterposition [7] 390984.23517846206,411580.05306495767,39.13039955650276
ca l 390984.23517846206:411580.05306495767
letterposition [8] 390992.34136550454,411586.6479289921,39.13039955650276
ca l 390992.34136550454:411586.6479289921
letterposition [9] 391000.3636844371,411593.34184641147,41.37851529552499
ca   391000.3636844371:411593.34184641147
letterposition [10] 391008.2049359332,411600.2496155865,41.37851529552499
ca R 391008.2049359332:411600.2496155865
letterposition [11] 391027.3766082513,411617.1389459618,41.37851529552499
ca o 391027.3766082513:411617.1389459618
letterposition [12] 391043.1839917217,411632.02150507376,49.497151614296186
ca a 391043.1839917217:411632.02150507376
letterposition [13] 391056.10876013926,411647.15294126974,49.497151614296186
ca d 391056.10876013926:411647.15294126974