TextAlongLine: Pilsworth Road
 
fullData
objType: MULTILINESTRING
labelFieldName: NAME,NUMBER
g: [object Graphics]
s: [object Sprite]
formatParams: Arial,0x666666,34,false,true,true
lineCol: 0x8c8c8b
zoomAmt: 1
txtFormat: 3
dotType: minor_road
dataType: 3
fillCol: 0xfcef55
wicket: [object Object]
record: [object Object]
labelText: Pilsworth Road
records: 384342,409455.9999997657,384476.99999999994,409567.9999997657,384504.99999999994,409597.9999997654,384563.00000000006,409669.9999997661
shapeType: 0x8c8c8b,0xfcef55,3,minor_road,3
 
wicket
objType: MULTILINESTRING
recordType: 25750
zm: 1
records: 384342,409455.9999997657,384476.99999999994,409567.9999997657,384504.99999999994,409597.9999997654,384563.00000000006,409669.9999997661
record: [object Object]
 
wicket.record
ID: 514
NUMBER: null
FEATCODE: 25750
NAME: Pilsworth Road
AsWKT(ogc_geom): MULTILINESTRING((384342 409455.9999997657,384476.99999999994 409567.9999997657,384504.99999999994 409597.9999997654,384563.00000000006 409669.9999997661))
 
 
label Pilsworth Road
charwidths 23.65,10.45,10.45,19.9,27.45,21.75,14.2,12.3,21.75,10.45,25.55,21.75,19.9,21.75
line [0] 384342,409455.9999997657
line [1] 384476.99999999994,409567.9999997657
lineto 384476.99999999994:409567.9999997657
x y hypotenuse angle 134.9999999999418 112 175.4109460666132 39.68010608220529
line [2] 384504.99999999994,409597.9999997654
lineto 384504.99999999994:409597.9999997654
x y hypotenuse angle 28 29.99999999970896 41.03656905715362 46.97493401060472
line [3] 384563.00000000006,409669.9999997661
lineto 384563.00000000006:409669.9999997661
x y hypotenuse angle 58.000000000116415 72.00000000069849 92.45539465122674 51.14662565986204
linedata 134.9999999999418,112,39.68010608220529,175.4109460666132,28,29.99999999970896,46.97493401060472,41.03656905715362,58.000000000116415,72.00000000069849,51.14662565986204,92.45539465122674
linedata 0 134.9999999999418,112,39.68010608220529,175.4109460666132
0 tot 23.65 linelength 175.4109460666132
1 tot 34.099999999999994 linelength 175.4109460666132
2 tot 44.55 linelength 175.4109460666132
3 tot 64.44999999999999 linelength 175.4109460666132
4 tot 91.89999999999999 linelength 175.4109460666132
5 tot 113.64999999999999 linelength 175.4109460666132
6 tot 127.85 linelength 175.4109460666132
7 tot 140.15 linelength 175.4109460666132
8 tot 161.9 linelength 175.4109460666132
9 tot 172.35 linelength 175.4109460666132
10 tot 197.9 linelength 175.4109460666132
11 tot 219.65 linelength 175.4109460666132
12 tot 239.55 linelength 175.4109460666132
13 tot 261.3 linelength 175.4109460666132
loops 11
ml 0
offset_x 14.472681001917605
offset_y 17.44474942194674
lineCoords [0] 384342,409455.9999997657
initial x y
384327.52731899807:409473.4447491877:39.68010608220529
charwidth 23.65 comp 175.4109460666132
travelled 23.65 linelength 175.4109460666132
x y
384345.7288626964 409471.100539722917.44474942194674 39.68010608220529
ml 1
charwidth 10.45 comp 175.4109460666132
travelled 34.099999999999994 linelength 175.4109460666132
x y
384353.7714052608 409477.7728713318417.44474942194674 39.68010608220529
ml 2
charwidth 10.45 comp 175.4109460666132
travelled 44.55 linelength 175.4109460666132
x y
384361.81394782517 409484.445202940817.44474942194674 39.68010608220529
ml 3
charwidth 19.9 comp 175.4109460666132
travelled 64.44999999999999 linelength 175.4109460666132
x y
384377.1294116559 409497.151365526317.44474942194674 39.68010608220529
ml 4
charwidth 27.45 comp 175.4109460666132
travelled 91.89999999999999 linelength 175.4109460666132
x y
384398.2555162867 409514.678207886717.44474942194674 39.68010608220529
ml 5
charwidth 21.75 comp 175.4109460666132
travelled 113.64999999999999 linelength 175.4109460666132
x y
384414.9947795188 409528.565596642217.44474942194674 39.68010608220529
ml 6
charwidth 14.2 comp 175.4109460666132
travelled 127.85 linelength 175.4109460666132
x y
384425.9234019508 409537.632305622817.44474942194674 39.68010608220529
ml 7
charwidth 12.3 comp 175.4109460666132
travelled 140.15 linelength 175.4109460666132
x y
384435.3897439165 409545.485863401817.44474942194674 39.68010608220529
ml 8
charwidth 21.75 comp 175.4109460666132
travelled 161.9 linelength 175.4109460666132
x y
384452.1290071486 409559.373252157317.44474942194674 39.68010608220529
ml 9
charwidth 10.45 comp 175.4109460666132
travelled 172.35 linelength 175.4109460666132
x y
384460.171549713 409566.0455837662417.44474942194674 39.68010608220529
ml 10
charwidth 25.55 comp 175.4109460666132
remainder c set 3.0609460666132122:0:175.4109460666132
linedata 1 28,29.99999999970896,46.97493401060472,41.03656905715362
10 tot 25.55 linelength 41.03656905715362
11 tot 47.3 linelength 41.03656905715362
12 tot 67.19999999999999 linelength 41.03656905715362
13 tot 88.94999999999999 linelength 41.03656905715362
loops 2
ml 10
remainder 3.0609460666132122
charwidth 22.48905393338679 comp 41.03656905715362
travelled 22.48905393338679 linelength 41.03656905715362
x y
384477.87201093015 409584.440741121417.44474942194674 46.97493401060472
ml 11
charwidth 21.75 comp 41.03656905715362
remainder c set 18.547515123766832:1:41.03656905715362
linedata 2 58.000000000116415,72.00000000069849,51.14662565986204,92.45539465122674
11 tot 21.75 linelength 92.45539465122674
12 tot 41.65 linelength 92.45539465122674
13 tot 63.4 linelength 92.45539465122674
loops 4
ml 11
remainder 18.547515123766832
charwidth 3.202484876233168 comp 92.45539465122674
travelled 3.202484876233168 linelength 92.45539465122674
x y
384492.53633235546 409600.4939473815617.44474942194674 51.14662565986204
ml 12
charwidth 19.9 comp 92.45539465122674
travelled 23.102484876233166 linelength 92.45539465122674
x y
384505.0201901591 409615.9911501723717.44474942194674 51.14662565986204
ml 13
charwidth 21.75 comp 92.45539465122674
travelled 44.85248487623316 linelength 92.45539465122674
x y
384518.66460760776 409632.9290476949517.44474942194674 51.14662565986204
ml 14
charwidth undefined comp 92.45539465122674
remainder c set 47.60290977499358:2:92.45539465122674
15 letterpositions
14 letters
384327.52731899807,409473.4447491877,39.68010608220529,384345.7288626964,409488.54528914485,39.68010608220529,384353.7714052608,409495.2176207538,39.68010608220529,384361.81394782517,409501.88995236275,39.68010608220529,384377.1294116559,409514.5961149483,39.68010608220529,384398.2555162867,409532.12295730866,39.68010608220529,384414.9947795188,409546.01034606417,39.68010608220529,384425.9234019508,409555.07705504476,39.68010608220529,384435.3897439165,409562.93061282375,39.68010608220529,384452.1290071486,409576.81800157926,39.68010608220529,384460.171549713,409583.4903331882,39.68010608220529,384477.87201093015,409601.8854905434,46.97493401060472,384492.53633235546,409617.9386968035,51.14662565986204,384505.0201901591,409633.43589959433,51.14662565986204,384518.66460760776,409650.3737971169,51.14662565986204
write TRUE
letterposition [0] 384327.52731899807,409473.4447491877,39.68010608220529
ca P 384327.52731899807:409473.4447491877
letterposition [1] 384345.7288626964,409488.54528914485,39.68010608220529
ca i 384345.7288626964:409488.54528914485
letterposition [2] 384353.7714052608,409495.2176207538,39.68010608220529
ca l 384353.7714052608:409495.2176207538
letterposition [3] 384361.81394782517,409501.88995236275,39.68010608220529
ca s 384361.81394782517:409501.88995236275
letterposition [4] 384377.1294116559,409514.5961149483,39.68010608220529
ca w 384377.1294116559:409514.5961149483
letterposition [5] 384398.2555162867,409532.12295730866,39.68010608220529
ca o 384398.2555162867:409532.12295730866
letterposition [6] 384414.9947795188,409546.01034606417,39.68010608220529
ca r 384414.9947795188:409546.01034606417
letterposition [7] 384425.9234019508,409555.07705504476,39.68010608220529
ca t 384425.9234019508:409555.07705504476
letterposition [8] 384435.3897439165,409562.93061282375,39.68010608220529
ca h 384435.3897439165:409562.93061282375
letterposition [9] 384452.1290071486,409576.81800157926,39.68010608220529
ca   384452.1290071486:409576.81800157926
letterposition [10] 384460.171549713,409583.4903331882,39.68010608220529
ca R 384460.171549713:409583.4903331882
letterposition [11] 384477.87201093015,409601.8854905434,46.97493401060472
ca o 384477.87201093015:409601.8854905434
letterposition [12] 384492.53633235546,409617.9386968035,51.14662565986204
ca a 384492.53633235546:409617.9386968035
letterposition [13] 384505.0201901591,409633.43589959433,51.14662565986204
ca d 384505.0201901591:409633.43589959433
