TextAlongLine: Water Street
 
fullData
txtFormat: 3
labelText: Water Street
formatParams: Arial,0x666666,34,false,true,true
g: [object Graphics]
labelFieldName: NAME,NUMBER
records: 389860,413249.99999976833,389896.99999999994,413261.99999976886
dataType: 3
zoomAmt: 1
objType: MULTILINESTRING
fillCol: 0xfcef55
record: [object Object]
s: [object Sprite]
dotType: minor_road
shapeType: 0x8c8c8b,0xfcef55,3,minor_road,3
lineCol: 0x8c8c8b
wicket: [object Object]
 
wicket
records: 389860,413249.99999976833,389896.99999999994,413261.99999976886
zm: 1
record: [object Object]
objType: MULTILINESTRING
recordType: 25750
 
wicket.record
NAME: Water Street
AsWKT(ogc_geom): MULTILINESTRING((389860 413249.99999976833,389896.99999999994 413261.99999976886))
ID: 5678
NUMBER: null
FEATCODE: 25750
 
 
label Water Street
charwidths 33.1,19.9,12.3,19.9,14.2,10.45,23.65,12.3,14.2,19.9,19.9,12.3
line [0] 389860,413249.99999976833
line [1] 389896.99999999994,413261.99999976886
lineto 389896.99999999994:413261.99999976886
x y hypotenuse angle 36.99999999994179 12.000000000523869 38.89730067765969 17.969139740917488
linedata 36.99999999994179,12.000000000523869,17.969139740917488,38.89730067765969
linedata 0 36.99999999994179,12.000000000523869,17.969139740917488,38.89730067765969
0 tot 33.1 linelength 38.89730067765969
1 tot 53 linelength 38.89730067765969
2 tot 65.3 linelength 38.89730067765969
3 tot 85.19999999999999 linelength 38.89730067765969
4 tot 99.39999999999999 linelength 38.89730067765969
5 tot 109.85 linelength 38.89730067765969
6 tot 133.5 linelength 38.89730067765969
7 tot 145.8 linelength 38.89730067765969
8 tot 160 linelength 38.89730067765969
9 tot 179.9 linelength 38.89730067765969
10 tot 199.8 linelength 38.89730067765969
11 tot 212.10000000000002 linelength 38.89730067765969
loops 2
ml 0
offset_x 6.9927731558014
offset_y 21.561050562745805
lineCoords [0] 389860,413249.99999976833
initial x y
389853.0072268442:413271.5610503311:17.969139740917488
charwidth 33.1 comp 38.89730067765969
position_x undefined
position_y undefined
x_increase 31.485475307068505
y_increase 10.211505505457044
position_x 389891.48547530704
position_y 413260.21150527376
travelled 33.1 linelength 38.89730067765969
x y
389884.49270215124 413260.2115052737621.561050562745805 17.969139740917488
ml 1
charwidth 19.9 comp 38.89730067765969
position_x 389891.48547530704
position_y 413260.21150527376
x_increase 18.929334096998886
y_increase 6.139243491196228
position_x 389910.41480940406
position_y 413266.35074876493
remainder c set 5.797300677659692:0:38.89730067765969
2 letterpositions
12 letters
389853.0072268442,413271.5610503311,17.969139740917488,389884.49270215124,413281.77255583653,17.969139740917488
write FALSE
 
 
 
TextAlongLine: Water Street
 
fullData
txtFormat: 3
labelText: Water Street
formatParams: Arial,0x666666,34,false,true,true
g: [object Graphics]
labelFieldName: NAME,NUMBER
records: 389896.99999999994,413261.99999976886,389904,413264.99999976775
dataType: 3
zoomAmt: 1
objType: MULTILINESTRING
fillCol: 0xfcef55
record: [object Object]
s: [object Sprite]
dotType: minor_road
shapeType: 0x8c8c8b,0xfcef55,3,minor_road,3
lineCol: 0x8c8c8b
wicket: [object Object]
 
wicket
records: 389896.99999999994,413261.99999976886,389904,413264.99999976775
zm: 1
record: [object Object]
objType: MULTILINESTRING
recordType: 25750
 
wicket.record
NAME: Water Street
AsWKT(ogc_geom): MULTILINESTRING((389896.99999999994 413261.99999976886,389904 413264.99999976775))
ID: 8430
NUMBER: null
FEATCODE: 25750
 
 
label Water Street
charwidths 33.1,19.9,12.3,19.9,14.2,10.45,23.65,12.3,14.2,19.9,19.9,12.3
line [0] 389896.99999999994,413261.99999976886
line [1] 389904,413264.99999976775
lineto 389904:413264.99999976775
x y hypotenuse angle 7.000000000058208 2.9999999988940544 7.615773105481757 23.198590505828065
linedata 7.000000000058208,2.9999999988940544,23.198590505828065,7.615773105481757
linedata 0 7.000000000058208,2.9999999988940544,23.198590505828065,7.615773105481757
0 tot 33.1 linelength 7.615773105481757
1 tot 53 linelength 7.615773105481757
2 tot 65.3 linelength 7.615773105481757
3 tot 85.19999999999999 linelength 7.615773105481757
4 tot 99.39999999999999 linelength 7.615773105481757
5 tot 109.85 linelength 7.615773105481757
6 tot 133.5 linelength 7.615773105481757
7 tot 145.8 linelength 7.615773105481757
8 tot 160 linelength 7.615773105481757
9 tot 179.9 linelength 7.615773105481757
10 tot 199.8 linelength 7.615773105481757
11 tot 212.10000000000002 linelength 7.615773105481757
loops 1
ml 0
offset_x 8.928837431617572
offset_y 20.833954014961314
lineCoords [0] 389896.99999999994,413261.99999976886
initial x y
389888.07116256835:413282.83395378385:23.198590505828065
charwidth 33.1 comp 7.615773105481757
position_x undefined
position_y undefined
x_increase 30.423700495377332
y_increase 13.038728778818012
position_x 389927.42370049533
position_y 413275.0387285477
remainder c set 7.615773105481757:0:7.615773105481757
1 letterpositions
12 letters
389888.07116256835,413282.83395378385,23.198590505828065
write FALSE
 
 
 
TextAlongLine: Water Street
 
fullData
txtFormat: 3
labelText: Water Street
formatParams: Arial,0x666666,34,false,true,true
g: [object Graphics]
labelFieldName: NAME,NUMBER
records: 389904,413264.99999976775,389959.00000000006,413282.99999976647,390000,413301.99999976903
dataType: 3
zoomAmt: 1
objType: MULTILINESTRING
fillCol: 0xfcef55
record: [object Object]
s: [object Sprite]
dotType: minor_road
shapeType: 0x8c8c8b,0xfcef55,3,minor_road,3
lineCol: 0x8c8c8b
wicket: [object Object]
 
wicket
records: 389904,413264.99999976775,389959.00000000006,413282.99999976647,390000,413301.99999976903
zm: 1
record: [object Object]
objType: MULTILINESTRING
recordType: 25750
 
wicket.record
NAME: Water Street
AsWKT(ogc_geom): MULTILINESTRING((389904 413264.99999976775,389959.00000000006 413282.99999976647,390000 413301.99999976903))
ID: 1066
NUMBER: null
FEATCODE: 25750
 
 
label Water Street
charwidths 33.1,19.9,12.3,19.9,14.2,10.45,23.65,12.3,14.2,19.9,19.9,12.3
line [0] 389904,413264.99999976775
line [1] 389959.00000000006,413282.99999976647
lineto 389959.00000000006:413282.99999976647
x y hypotenuse angle 55.00000000005821 17.99999999871943 57.87054518457816 18.12186024667847
line [2] 390000,413301.99999976903
lineto 390000:413301.99999976903
x y hypotenuse angle 40.99999999994179 19.000000002561137 45.18849411180406 24.863696574729243
linedata 55.00000000005821,17.99999999871943,18.12186024667847,57.87054518457816,40.99999999994179,19.000000002561137,24.863696574729243,45.18849411180406
linedata 0 55.00000000005821,17.99999999871943,18.12186024667847,57.87054518457816
0 tot 33.1 linelength 57.87054518457816
1 tot 53 linelength 57.87054518457816
2 tot 65.3 linelength 57.87054518457816
3 tot 85.19999999999999 linelength 57.87054518457816
4 tot 99.39999999999999 linelength 57.87054518457816
5 tot 109.85 linelength 57.87054518457816
6 tot 133.5 linelength 57.87054518457816
7 tot 145.8 linelength 57.87054518457816
8 tot 160 linelength 57.87054518457816
9 tot 179.9 linelength 57.87054518457816
10 tot 199.8 linelength 57.87054518457816
11 tot 212.10000000000002 linelength 57.87054518457816
loops 3
ml 0
offset_x 7.050218702271724
offset_y 21.542334925163424
lineCoords [0] 389904,413264.99999976775
initial x y
389896.9497812977:413286.5423346929:18.12186024667847
charwidth 33.1 comp 57.87054518457816
position_x undefined
position_y undefined
x_increase 31.45814497159894
y_increase 10.295392899052679
position_x 389935.4581449716
position_y 413275.2953926668
travelled 33.1 linelength 57.87054518457816
x y
389928.4079262693 413275.295392666821.542334925163424 18.12186024667847
ml 1
charwidth 19.9 comp 57.87054518457816
position_x 389935.4581449716
position_y 413275.2953926668
x_increase 18.912902868121414
y_increase 6.1896773018473805
position_x 389954.3710478397
position_y 413281.4850699687
travelled 53 linelength 57.87054518457816
x y
389947.3208291374 413281.485069968721.542334925163424 18.12186024667847
ml 2
charwidth 12.3 comp 57.87054518457816
position_x 389954.3710478397
position_y 413281.4850699687
x_increase 11.689884687331329
y_increase 3.8257804428503914
position_x 389966.060932527
position_y 413285.31085041154
remainder c set 4.870545184578162:0:57.87054518457816
linedata 1 40.99999999994179,19.000000002561137,24.863696574729243,45.18849411180406
2 tot 12.3 linelength 45.18849411180406
3 tot 32.2 linelength 45.18849411180406
4 tot 46.400000000000006 linelength 45.18849411180406
5 tot 56.85000000000001 linelength 45.18849411180406
6 tot 80.5 linelength 45.18849411180406
7 tot 92.8 linelength 45.18849411180406
8 tot 107 linelength 45.18849411180406
9 tot 126.9 linelength 45.18849411180406
10 tot 146.8 linelength 45.18849411180406
11 tot 159.10000000000002 linelength 45.18849411180406
loops 3
ml 2
remainder 4.870545184578162
charwidth 7.429454815421838 comp 45.18849411180406
position_x 389966.060932527
position_y 413285.31085041154
x_increase 6.740823154633379
y_increase 3.1237960964751275
position_x 389965.7408231547
position_y 413286.12379586295
travelled 7.429454815421838 linelength 45.18849411180406
x y
389958.6906044524 413286.1237958629521.542334925163424 24.863696574729243
ml 3
charwidth 19.9 comp 45.18849411180406
position_x 389965.7408231547
position_y 413286.12379586295
x_increase 18.055481069587437
y_increase 8.367174155338803
position_x 389983.7963042243
position_y 413294.49097001826
travelled 27.329454815421837 linelength 45.18849411180406
x y
389976.746085522 413294.4909700182621.542334925163424 24.863696574729243
ml 4
charwidth 14.2 comp 45.18849411180406
position_x 389983.7963042243
position_y 413294.49097001826
x_increase 12.883810612469428
y_increase 5.970546382201559
position_x 389996.6801148368
position_y 413300.46151640045
travelled 41.529454815421836 linelength 45.18849411180406
x y
389989.6298961345 413300.4615164004521.542334925163424 24.863696574729243
remainder b set 3.6590392963822254:1:45.18849411180406
6 letterpositions
12 letters
389896.9497812977,413286.5423346929,18.12186024667847,389928.4079262693,413296.837727592,18.12186024667847,389947.3208291374,413303.02740489383,18.12186024667847,389958.6906044524,413307.6661307881,24.863696574729243,389976.746085522,413316.0333049434,24.863696574729243,389989.6298961345,413322.0038513256,24.863696574729243
write FALSE
 
 
 
TextAlongLine: Water Street
 
fullData
txtFormat: 3
labelText: Water Street
formatParams: Arial,0x666666,34,false,true,true
g: [object Graphics]
labelFieldName: NAME,NUMBER
records: 390134,413402.9999997683,390142,413407.99999976746
dataType: 3
zoomAmt: 1
objType: MULTILINESTRING
fillCol: 0xfcef55
record: [object Object]
s: [object Sprite]
dotType: minor_road
shapeType: 0x8c8c8b,0xfcef55,3,minor_road,3
lineCol: 0x8c8c8b
wicket: [object Object]
 
wicket
records: 390134,413402.9999997683,390142,413407.99999976746
zm: 1
record: [object Object]
objType: MULTILINESTRING
recordType: 25750
 
wicket.record
NAME: Water Street
AsWKT(ogc_geom): MULTILINESTRING((390134 413402.9999997683,390142 413407.99999976746))
ID: 3688
NUMBER: null
FEATCODE: 25750
 
 
label Water Street
charwidths 33.1,19.9,12.3,19.9,14.2,10.45,23.65,12.3,14.2,19.9,19.9,12.3
line [0] 390134,413402.9999997683
line [1] 390142,413407.99999976746
lineto 390142:413407.99999976746
x y hypotenuse angle 8 4.999999999185093 9.433981131624703 32.00538320388657
linedata 8,4.999999999185093,32.00538320388657,9.433981131624703
linedata 0 8,4.999999999185093,32.00538320388657,9.433981131624703
0 tot 33.1 linelength 9.433981131624703
1 tot 53 linelength 9.433981131624703
2 tot 65.3 linelength 9.433981131624703
3 tot 85.19999999999999 linelength 9.433981131624703
4 tot 99.39999999999999 linelength 9.433981131624703
5 tot 109.85 linelength 9.433981131624703
6 tot 133.5 linelength 9.433981131624703
7 tot 145.8 linelength 9.433981131624703
8 tot 160 linelength 9.433981131624703
9 tot 179.9 linelength 9.433981131624703
10 tot 199.8 linelength 9.433981131624703
11 tot 212.10000000000002 linelength 9.433981131624703
loops 1
ml 0
offset_x 12.013309305330786
offset_y 19.22129489166197
lineCoords [0] 390134,413402.9999997683
initial x y
390121.98669069464:413422.22129465995:32.00538320388657
charwidth 33.1 comp 9.433981131624703
position_x undefined
position_y undefined
x_increase 28.068743863853435
y_increase 17.54296491204922
position_x 390162.06874386384
position_y 413420.54296468035
remainder c set 9.433981131624703:0:9.433981131624703
1 letterpositions
12 letters
390121.98669069464,413422.22129465995,32.00538320388657
write FALSE
 
 
 
TextAlongLine: Water Street
 
fullData
txtFormat: 3
labelText: Water Street
formatParams: Arial,0x666666,34,false,true,true
g: [object Graphics]
labelFieldName: NAME,NUMBER
records: 390000,413301.99999976903,390050,413328.999999768,390102,413380.9999997676,390134,413402.9999997683
dataType: 3
zoomAmt: 1
objType: MULTILINESTRING
fillCol: 0xfcef55
record: [object Object]
s: [object Sprite]
dotType: minor_road
shapeType: 0x8c8c8b,0xfcef55,3,minor_road,3
lineCol: 0x8c8c8b
wicket: [object Object]
 
wicket
records: 390000,413301.99999976903,390050,413328.999999768,390102,413380.9999997676,390134,413402.9999997683
zm: 1
record: [object Object]
objType: MULTILINESTRING
recordType: 25750
 
wicket.record
NAME: Water Street
AsWKT(ogc_geom): MULTILINESTRING((390000 413301.99999976903,390050 413328.999999768,390102 413380.9999997676,390134 413402.9999997683))
ID: 318
NUMBER: null
FEATCODE: 25750
 
 
label Water Street
charwidths 33.1,19.9,12.3,19.9,14.2,10.45,23.65,12.3,14.2,19.9,19.9,12.3
line [0] 390000,413301.99999976903
line [1] 390050,413328.999999768
lineto 390050:413328.999999768
x y hypotenuse angle 50 26.999999998952262 56.82429058020366 28.36904629234902
line [2] 390102,413380.9999997676
lineto 390102:413380.9999997676
x y hypotenuse angle 52 51.999999999592546 73.53910524311283 44.999999999775525
line [3] 390134,413402.9999997683
lineto 390134:413402.9999997683
x y hypotenuse angle 32 22.000000000698492 38.832975678290914 34.50852298851765
linedata 50,26.999999998952262,28.36904629234902,56.82429058020366,52,51.999999999592546,44.999999999775525,73.53910524311283,32,22.000000000698492,34.50852298851765,38.832975678290914
linedata 0 50,26.999999998952262,28.36904629234902,56.82429058020366
0 tot 33.1 linelength 56.82429058020366
1 tot 53 linelength 56.82429058020366
2 tot 65.3 linelength 56.82429058020366
3 tot 85.19999999999999 linelength 56.82429058020366
4 tot 99.39999999999999 linelength 56.82429058020366
5 tot 109.85 linelength 56.82429058020366
6 tot 133.5 linelength 56.82429058020366
7 tot 145.8 linelength 56.82429058020366
8 tot 160 linelength 56.82429058020366
9 tot 179.9 linelength 56.82429058020366
10 tot 199.8 linelength 56.82429058020366
11 tot 212.10000000000002 linelength 56.82429058020366
loops 3
ml 0
offset_x 10.770042067000459
offset_y 19.944522347071096
lineCoords [0] 390000,413301.99999976903
initial x y
389989.229957933:413321.9445221161:28.36904629234902
charwidth 33.1 comp 56.82429058020366
position_x undefined
position_y undefined
x_increase 29.124868662708234
y_increase 15.72742907725214
position_x 390029.12486866274
position_y 413317.7274288463
travelled 33.1 linelength 56.82429058020366
x y
390018.35482659575 413317.727428846319.944522347071096 28.36904629234902
ml 1
charwidth 19.9 comp 56.82429058020366
position_x 390029.12486866274
position_y 413317.7274288463
x_increase 17.510117413531535
y_increase 9.455463402940108
position_x 390046.6349860763
position_y 413327.18289224926
travelled 53 linelength 56.82429058020366
x y
390035.8649440093 413327.1828922492619.944522347071096 28.36904629234902
ml 2
charwidth 12.3 comp 56.82429058020366
position_x 390046.6349860763
position_y 413327.18289224926
x_increase 10.822836391278287
y_increase 5.844331651063484
position_x 390057.45782246755
position_y 413333.0272239003
remainder c set 3.824290580203659:0:56.82429058020366
linedata 1 52,51.999999999592546,44.999999999775525,73.53910524311283
2 tot 12.3 linelength 73.53910524311283
3 tot 32.2 linelength 73.53910524311283
4 tot 46.400000000000006 linelength 73.53910524311283
5 tot 56.85000000000001 linelength 73.53910524311283
6 tot 80.5 linelength 73.53910524311283
7 tot 92.8 linelength 73.53910524311283
8 tot 107 linelength 73.53910524311283
9 tot 126.9 linelength 73.53910524311283
10 tot 146.8 linelength 73.53910524311283
11 tot 159.10000000000002 linelength 73.53910524311283
loops 5
ml 2
remainder 3.824290580203659
charwidth 8.475709419796342 comp 73.53910524311283
position_x 390057.45782246755
position_y 413333.0272239003
x_increase 5.993231606128171
y_increase 5.993231606081212
position_x 390055.99323160615
position_y 413334.9932313741
travelled 8.475709419796342 linelength 73.53910524311283
x y
390045.22318953916 413334.993231374119.944522347071096 44.999999999775525
ml 3
charwidth 19.9 comp 73.53910524311283
position_x 390055.99323160615
position_y 413334.9932313741
x_increase 14.071424945667424
y_increase 14.071424945557165
position_x 390070.0646565518
position_y 413349.0646563196
travelled 28.37570941979634 linelength 73.53910524311283
x y
390059.2946144848 413349.064656319619.944522347071096 44.999999999775525
ml 4
charwidth 14.2 comp 73.53910524311283
position_x 390070.0646565518
position_y 413349.0646563196
x_increase 10.040916292888312
y_increase 10.040916292809635
position_x 390080.1055728447
position_y 413359.10557261243
travelled 42.57570941979634 linelength 73.53910524311283
x y
390069.3355307777 413359.1055726124319.944522347071096 44.999999999775525
ml 5
charwidth 10.45 comp 73.53910524311283
position_x 390080.1055728447
position_y 413359.10557261243
x_increase 7.3892658634283706
y_increase 7.389265863370472
position_x 390087.4948387081
position_y 413366.49483847583
travelled 53.02570941979634 linelength 73.53910524311283
x y
390076.7247966411 413366.4948384758319.944522347071096 44.999999999775525
ml 6
charwidth 23.65 comp 73.53910524311283
position_x 390087.4948387081
position_y 413366.49483847583
x_increase 16.723075375127365
y_increase 16.72307537499633
position_x 390104.2179140832
position_y 413383.21791385085
remainder c set 20.513395823316486:1:73.53910524311283
linedata 2 32,22.000000000698492,34.50852298851765,38.832975678290914
6 tot 23.65 linelength 38.832975678290914
7 tot 35.95 linelength 38.832975678290914
8 tot 50.150000000000006 linelength 38.832975678290914
9 tot 70.05000000000001 linelength 38.832975678290914
10 tot 89.95000000000002 linelength 38.832975678290914
11 tot 102.25000000000001 linelength 38.832975678290914
loops 3
ml 6
remainder 20.513395823316486
charwidth 3.1366041766835124 comp 38.832975678290914
position_x 390104.2179140832
position_y 413383.21791385085
x_increase 2.584693341179716
y_increase 1.7769766721174733
position_x 390104.58469334117
position_y 413382.7769764397
travelled 3.1366041766835124 linelength 38.832975678290914
x y
390093.8146512742 413382.776976439719.944522347071096 34.50852298851765
ml 7
charwidth 12.3 comp 38.832975678290914
position_x 390104.58469334117
position_y 413382.7769764397
x_increase 10.135715667548936
y_increase 6.9683045216611355
position_x 390114.72040900873
position_y 413389.74528096133
travelled 15.436604176683513 linelength 38.832975678290914
x y
390103.95036694175 413389.7452809613319.944522347071096 34.50852298851765
ml 8
charwidth 14.2 comp 38.832975678290914
position_x 390114.72040900873
position_y 413389.74528096133
x_increase 11.701395323511779
y_increase 8.044709285169766
position_x 390126.42180433223
position_y 413397.7899902465
travelled 29.636604176683512 linelength 38.832975678290914
x y
390115.65176226525 413397.789990246519.944522347071096 34.50852298851765
remainder b set 9.196371501607402:2:38.832975678290914
10 letterpositions
12 letters
389989.229957933,413321.9445221161,28.36904629234902,390018.35482659575,413337.67195119336,28.36904629234902,390035.8649440093,413347.1274145963,28.36904629234902,390045.22318953916,413354.93775372114,44.999999999775525,390059.2946144848,413369.0091786667,44.999999999775525,390069.3355307777,413379.0500949595,44.999999999775525,390076.7247966411,413386.4393608229,44.999999999775525,390093.8146512742,413402.72149878676,34.50852298851765,390103.95036694175,413409.6898033084,34.50852298851765,390115.65176226525,413417.7345125936,34.50852298851765
write FALSE