TextAlongLine: Mellor Street
 
fullData
objType: MULTILINESTRING
labelFieldName: NAME,NUMBER
g: [object Graphics]
s: [object Sprite]
formatParams: Arial,0xec74b4,60,false,true,true
lineCol: 0x8c8c8b
zoomAmt: 1
txtFormat: 4
dotType: a_road
dataType: 3
fillCol: 0xec74b4
wicket: [object Object]
record: [object Object]
labelText: Mellor Street
records: 388874,413258.9999997683,388844.99999999994,413290.99999976775,388740.99999999994,413427.9999997701,388659.00000000006,413499.99999976833,388648,413512.9999997685,388583.00000000006,413820.9999997686
shapeType: 0x8c8c8b,0xec74b4,3,a_road,4
 
wicket
objType: MULTILINESTRING
recordType: 25720
record: [object Object]
records: 388874,413258.9999997683,388844.99999999994,413290.99999976775,388740.99999999994,413427.9999997701,388659.00000000006,413499.99999976833,388648,413512.9999997685,388583.00000000006,413820.9999997686
zm: 1
 
wicket.record
NUMBER: A6060
FEATCODE: 25720
ID: 62
NAME: Mellor Street
AsWKT(ogc_geom): MULTILINESTRING((388874 413258.9999997683,388844.99999999994 413290.99999976775,388740.99999999994 413427.9999997701,388659.00000000006 413499.99999976833,388648 413512.9999997685,388583.00000000006 413820.9999997686))
 
 
label Mellor Street
charwidths 50.95,34.35,17.65,17.65,37.65,24.35,17.65,41,20.95,24.35,34.35,34.35,20.95
line [0] 388874,413258.9999997683
line [1] 388844.99999999994,413290.99999976775
lineto 388844.99999999994:413290.99999976775
x y hypotenuse angle -29.000000000058208 31.99999999947613 43.18564576302928 132.18444331631272
line [2] 388740.99999999994,413427.9999997701
lineto 388740.99999999994:413427.9999997701
x y hypotenuse angle -104 137.0000000023283 172.00290695403365 127.20300888929643
line [3] 388659.00000000006,413499.99999976833
lineto 388659.00000000006:413499.99999976833
x y hypotenuse angle -81.99999999988358 71.99999999825377 109.12378292439027 138.71528910607742
line [4] 388648,413512.9999997685
lineto 388648:413512.9999997685
x y hypotenuse angle -11.000000000058208 13.000000000174623 17.029386366097306 130.23635830904382
line [5] 388583.00000000006,413820.9999997686
lineto 388583.00000000006:413820.9999997686
x y hypotenuse angle -64.99999999994179 308.0000000001164 314.78405296339923 101.91678096578067
linedata -29.000000000058208,31.99999999947613,132.18444331631272,43.18564576302928,-104,137.0000000023283,127.20300888929643,172.00290695403365,-81.99999999988358,71.99999999825377,138.71528910607742,109.12378292439027,-11.000000000058208,13.000000000174623,130.23635830904382,17.029386366097306,-64.99999999994179,308.0000000001164,101.91678096578067,314.78405296339923
linedata 0 -29.000000000058208,31.99999999947613,132.18444331631272,43.18564576302928
0 tot 50.95 linelength 43.18564576302928
1 tot 85.30000000000001 linelength 43.18564576302928
2 tot 102.95000000000002 linelength 43.18564576302928
3 tot 120.60000000000002 linelength 43.18564576302928
4 tot 158.25000000000003 linelength 43.18564576302928
5 tot 182.60000000000002 linelength 43.18564576302928
6 tot 200.25000000000003 linelength 43.18564576302928
7 tot 241.25000000000003 linelength 43.18564576302928
8 tot 262.20000000000005 linelength 43.18564576302928
9 tot 286.55000000000007 linelength 43.18564576302928
10 tot 320.9000000000001 linelength 43.18564576302928
11 tot 355.2500000000001 linelength 43.18564576302928
12 tot 376.2000000000001 linelength 43.18564576302928
loops 1
ml 0
offset_x 29.639478057193674
offset_y -26.86077698982542
lineCoords [0] 388874,413258.9999997683
initial x y
388844.3605219428:413232.13922277844:132.18444331631272
charwidth 50.95 comp 43.18564576302928
position_x undefined
position_y undefined
x_increase -34.21391469079013
y_increase 37.75328517535044
position_x 388839.7860853092
position_y 413296.75328494364
remainder c set 43.18564576302928:0:43.18564576302928
linedata 1 -104,137.0000000023283,127.20300888929643,172.00290695403365
0 tot 50.95 linelength 172.00290695403365
1 tot 85.30000000000001 linelength 172.00290695403365
2 tot 102.95000000000002 linelength 172.00290695403365
3 tot 120.60000000000002 linelength 172.00290695403365
4 tot 158.25000000000003 linelength 172.00290695403365
5 tot 182.60000000000002 linelength 172.00290695403365
6 tot 200.25000000000003 linelength 172.00290695403365
7 tot 241.25000000000003 linelength 172.00290695403365
8 tot 262.20000000000005 linelength 172.00290695403365
9 tot 286.55000000000007 linelength 172.00290695403365
10 tot 320.9000000000001 linelength 172.00290695403365
11 tot 355.2500000000001 linelength 172.00290695403365
12 tot 376.2000000000001 linelength 172.00290695403365
loops 6
ml 0
offset_x 31.85992665552808
offset_y -24.185637752690567
remainder 43.18564576302928
charwidth 7.764354236970725 comp 172.00290695403365
position_x 388839.7860853092
position_y 413296.75328494364
x_increase -4.694646473973553
y_increase 6.18429391293565
position_x 388840.30535352597
position_y 413297.1842936807
travelled 7.764354236970725 linelength 172.00290695403365
x y
388808.4454268704 413297.1842936807-24.185637752690567 127.20300888929643
ml 1
charwidth 34.35 comp 172.00290695403365
position_x 388840.30535352597
position_y 413297.1842936807
x_increase -20.769416420123026
y_increase 27.35971201543474
position_x 388819.53593710583
position_y 413324.54400569614
travelled 42.114354236970726 linelength 172.00290695403365
x y
388787.6760104503 413324.54400569614-24.185637752690567 127.20300888929643
ml 2
charwidth 17.65 comp 172.00290695403365
position_x 388819.53593710583
position_y 413324.54400569614
x_increase -10.671912658374712
y_increase 14.058192636751764
position_x 388808.86402444745
position_y 413338.6021983329
travelled 59.764354236970725 linelength 172.00290695403365
x y
388777.0040977919 413338.6021983329-24.185637752690567 127.20300888929643
ml 3
charwidth 17.65 comp 172.00290695403365
position_x 388808.86402444745
position_y 413338.6021983329
x_increase -10.671912658374712
y_increase 14.058192636751764
position_x 388798.1921117891
position_y 413352.66039096966
travelled 77.41435423697072 linelength 172.00290695403365
x y
388766.33218513353 413352.66039096966-24.185637752690567 127.20300888929643
ml 4
charwidth 37.65 comp 172.00290695403365
position_x 388798.1921117891
position_y 413352.66039096966
x_increase -22.764731534719996
y_increase 29.988155964515805
position_x 388775.4273802544
position_y 413382.6485469342
travelled 115.06435423697073 linelength 172.00290695403365
x y
388743.56745359884 413382.6485469342-24.185637752690567 127.20300888929643
ml 5
charwidth 24.35 comp 172.00290695403365
position_x 388775.4273802544
position_y 413382.6485469342
x_increase -14.723006981950384
y_increase 19.39473035155272
position_x 388760.7043732724
position_y 413402.04327728576
travelled 139.41435423697072 linelength 172.00290695403365
x y
388728.8444466169 413402.04327728576-24.185637752690567 127.20300888929643
remainder b set 32.588552717062925:1:172.00290695403365
linedata 2 -81.99999999988358,71.99999999825377,138.71528910607742,109.12378292439027
6 tot 17.65 linelength 109.12378292439027
7 tot 58.65 linelength 109.12378292439027
8 tot 79.6 linelength 109.12378292439027
9 tot 103.94999999999999 linelength 109.12378292439027
10 tot 138.29999999999998 linelength 109.12378292439027
11 tot 172.64999999999998 linelength 109.12378292439027
12 tot 193.59999999999997 linelength 109.12378292439027
loops 5
ml 6
remainder 32.588552717062925
charwidth -14.938552717062926 comp 109.12378292439027
position_x 388760.7043732724
position_y 413402.04327728576
x_increase 11.225429415750485
y_increase -9.856474608726584
position_x 388752.2254294157
position_y 413418.1435251614
travelled -14.938552717062926 linelength 109.12378292439027
x y
388720.36550276016 413418.1435251614-24.185637752690567 138.71528910607742
ml 7
charwidth 41 comp 109.12378292439027
position_x 388752.2254294157
position_y 413418.1435251614
x_increase -30.809049227377788
y_increase 27.051848101470114
position_x 388721.4163801883
position_y 413445.19537326286
travelled 26.061447282937074 linelength 109.12378292439027
x y
388689.5564535328 413445.19537326286-24.185637752690567 138.71528910607742
ml 8
charwidth 20.95 comp 109.12378292439027
position_x 388721.4163801883
position_y 413445.19537326286
x_increase -15.742672714964991
y_increase 13.822834578678021
position_x 388705.6737074733
position_y 413459.01820784155
travelled 47.01144728293707 linelength 109.12378292439027
x y
388673.8137808178 413459.01820784155-24.185637752690567 138.71528910607742
ml 9
charwidth 24.35 comp 109.12378292439027
position_x 388705.6737074733
position_y 413459.01820784155
x_increase -18.297569480162174
y_increase 16.066158567580423
position_x 388687.3761379932
position_y 413475.0843664091
travelled 71.36144728293706 linelength 109.12378292439027
x y
388655.51621133764 413475.0843664091-24.185637752690567 138.71528910607742
ml 10
charwidth 34.35 comp 109.12378292439027
position_x 388687.3761379932
position_y 413475.0843664091
x_increase -25.811971730742123
y_increase 22.664170299646305
position_x 388661.56416626245
position_y 413497.74853670876
travelled 105.71144728293706 linelength 109.12378292439027
x y
388629.7042396069 413497.74853670876-24.185637752690567 138.71528910607742
remainder b set 3.412335641453211:2:109.12378292439027
linedata 3 -11.000000000058208,13.000000000174623,130.23635830904382,17.029386366097306
11 tot 34.35 linelength 17.029386366097306
12 tot 55.3 linelength 17.029386366097306
loops 1
remainder a set -17.320613633902695:34.35:17.029386366097306
ml 11
remainder -17.320613633902695
charwidth 51.6706136339027 comp 17.029386366097306
position_x 388661.56416626245
position_y 413497.74853670876
x_increase -33.37623198845741
y_increase 39.444637804861685
position_x 388625.6237680116
position_y 413539.4446375732
linedata 4 -64.99999999994179,308.0000000001164,101.91678096578067,314.78405296339923
11 tot 34.35 linelength 314.78405296339923
12 tot 55.3 linelength 314.78405296339923
loops 3
ml 11
charwidth 34.35 comp 314.78405296339923
position_x 388625.6237680116
position_y 413539.4446375732
x_increase -7.092957787977929
y_increase 33.609707672307465
position_x 388640.907042212
position_y 413546.60970744083
travelled 34.35 linelength 314.78405296339923
x y
388609.0471155565 413546.60970744083-24.185637752690567 101.91678096578067
ml 12
charwidth 20.95 comp 314.78405296339923
position_x 388640.907042212
position_y 413546.60970744083
x_increase -4.325981532987995
y_increase 20.498497110184612
position_x 388636.58106067905
position_y 413567.10820455104
travelled 55.3 linelength 314.78405296339923
x y
388604.7211340235 413567.10820455104-24.185637752690567 101.91678096578067
ml 13
charwidth undefined comp 314.78405296339923
position_x 388636.58106067905
position_y 413567.10820455104
x_increase NaN
y_increase NaN
position_x NaN
position_y NaN
remainder c set 259.4840529633992:4:314.78405296339923
14 letterpositions
13 letters
388844.3605219428,413232.13922277844,132.18444331631272,388808.4454268704,413272.998655928,127.20300888929643,388787.6760104503,413300.35836794344,127.20300888929643,388777.0040977919,413314.4165605802,127.20300888929643,388766.33218513353,413328.47475321696,127.20300888929643,388743.56745359884,413358.4629091815,127.20300888929643,388728.8444466169,413377.85763953306,127.20300888929643,388720.36550276016,413393.9578874087,138.71528910607742,388689.5564535328,413421.00973551016,138.71528910607742,388673.8137808178,413434.83257008885,138.71528910607742,388655.51621133764,413450.8987286564,138.71528910607742,388629.7042396069,413473.56289895606,138.71528910607742,388609.0471155565,413522.42406968813,101.91678096578067,388604.7211340235,413542.92256679834,101.91678096578067
write TRUE
letterposition [0] 388844.3605219428,413232.13922277844,132.18444331631272
ca M 388844.3605219428:413232.13922277844
letterposition [1] 388808.4454268704,413272.998655928,127.20300888929643
ca e 388808.4454268704:413272.998655928
letterposition [2] 388787.6760104503,413300.35836794344,127.20300888929643
ca l 388787.6760104503:413300.35836794344
letterposition [3] 388777.0040977919,413314.4165605802,127.20300888929643
ca l 388777.0040977919:413314.4165605802
letterposition [4] 388766.33218513353,413328.47475321696,127.20300888929643
ca o 388766.33218513353:413328.47475321696
letterposition [5] 388743.56745359884,413358.4629091815,127.20300888929643
ca r 388743.56745359884:413358.4629091815
letterposition [6] 388728.8444466169,413377.85763953306,127.20300888929643
ca   388728.8444466169:413377.85763953306
letterposition [7] 388720.36550276016,413393.9578874087,138.71528910607742
ca S 388720.36550276016:413393.9578874087
letterposition [8] 388689.5564535328,413421.00973551016,138.71528910607742
ca t 388689.5564535328:413421.00973551016
letterposition [9] 388673.8137808178,413434.83257008885,138.71528910607742
ca r 388673.8137808178:413434.83257008885
letterposition [10] 388655.51621133764,413450.8987286564,138.71528910607742
ca e 388655.51621133764:413450.8987286564
letterposition [11] 388629.7042396069,413473.56289895606,138.71528910607742
ca e 388629.7042396069:413473.56289895606
letterposition [12] 388609.0471155565,413522.42406968813,101.91678096578067
ca t 388609.0471155565:413522.42406968813

------------------
letterpositions: [
{X:388844.3605219428 Y:413232.13922277844 Angle:132.18444331631272} 
{X:388810.72150956915 Y:413270.0003546806 Angle:127.20300888929643} 
{X:388791.9776403108 Y:413294.6917978386 Angle:127.20300888929643} 
{X:388784.721948985 Y:413304.24977583525 Angle:127.20300888929643} 
{X:388777.4662576592 Y:413313.8077538319 Angle:127.20300888929643} 
{X:388758.11774745706 Y:413339.2956951563 Angle:127.20300888929643} 
{X:388743.6063648054 Y:413358.4116511496 Angle:127.20300888929643} 
{X:388720.63000894035 Y:413388.67858147237 Angle:127.20300888929643} 
{X:388731.98271729925 Y:413435.9176138486 Angle:138.7152891060774} 
{X:388711.6938312227 Y:413453.73224552517 Angle:138.7152891060774} 
{X:388693.65926582133 Y:413469.5674736821 Angle:138.7152891060774} 
{X:388670.3646188445 Y:413490.0213100515 Angle:138.7152891060774} 
{X:388693.6344591308 Y:413296.7628703484 Angle:101.91678096578067} 
{X:388688.0592084678 Y:413323.18098118255 Angle:101.91678096578067}
]


/Users/david/Workspace/golang/go-uk-maps/makeimage/text_test.go:69:
Expected [
[
{388844.3605219428 413232.13922277844 132.18444331631272}
{388810.72150956915 413270.0003546806 127.20300888929643}
{388791.9776403108 413294.6917978386 127.20300888929643}
{388784.721948985 413304.24977583525 127.20300888929643}
{388777.4662576592 413313.8077538319 127.20300888929643}
{388758.11774745706 413339.2956951563 127.20300888929643}
{388743.6063648054 413358.4116511496 127.20300888929643}
{388720.63000894035 413388.67858147237 127.20300888929643}
{388731.98271729925 413435.9176138486 138.7152891060774}
{388711.6938312227 413453.73224552517 138.7152891060774}
{388693.65926582133 413469.5674736821 138.7152891060774}
{388670.3646188445 413490.0213100515 138.7152891060774}
{388693.6344591308 413296.7628703484 101.91678096578067}
{388688.0592084678 413323.18098118255 101.91678096578067}
]
],
Got [
[
{388844.3605219428 413232.13922277844 132.18444331631272}
{388844.3605219428 413232.13922277844 132.18444331631272}
{388870.9995605841 413256.7505786131 127.20300888929643}
{388870.9995605841 413256.7505786131 127.20300888929643}
{388870.9995605841 413256.7505786131 127.20300888929643}
{388870.9995605841 413256.7505786131 127.20300888929643}
{388870.9995605841 413256.7505786131 127.20300888929643}
{388870.9995605841 413256.7505786131 127.20300888929643}
{388870.9995605841 413256.7505786131 127.20300888929643}
{388902.5596483874 413286.14274753066 138.7152891060774}
{388902.5596483874 413286.14274753066 138.7152891060774}
{388902.5596483874 413286.14274753066 138.7152891060774}
{388902.5596483874 413286.14274753066 138.7152891060774}
{388868.2852862341 413252.6628433079 130.23635830904382}
{388718.4133509665 413179.34904441895 101.91678096578067}
]
]
